#
# There is insufficient memory for the Java Runtime Environment to continue.
# Native memory allocation (malloc) failed to allocate 1063792 bytes for Chunk::new
# Possible reasons:
#   The system is out of physical RAM or swap space
#   In 32 bit mode, the process size limit was hit
# Possible solutions:
#   Reduce memory load on the system
#   Increase physical memory or swap space
#   Check if swap backing store is full
#   Use 64 bit Java on a 64 bit OS
#   Decrease Java heap size (-Xmx/-Xms)
#   Decrease number of Java threads
#   Decrease Java thread stack sizes (-Xss)
#   Set larger code cache with -XX:ReservedCodeCacheSize=
# This output file may be truncated or incomplete.
#
#  Out of Memory Error (allocation.cpp:390), pid=16540, tid=0x0000000000004aac
#
# JRE version: Java(TM) SE Runtime Environment (8.0_111-b14) (build 1.8.0_111-b14)
# Java VM: Java HotSpot(TM) 64-Bit Server VM (25.111-b14 mixed mode windows-amd64 compressed oops)
# Failed to write core dump. Minidumps are not enabled by default on client versions of Windows
#

---------------  T H R E A D  ---------------

Current thread (0x0000000017aed800):  JavaThread "C2 CompilerThread0" daemon [_thread_in_native, id=19116, stack(0x0000000019180000,0x0000000019280000)]

Stack: [0x0000000019180000,0x0000000019280000]
[error occurred during error reporting (printing stack bounds), id 0xc0000005]

Native frames: (J=compiled Java code, j=interpreted, Vv=VM code, C=native code)


Current CompileTask:
C2:  12689 5778       4       org.apache.maven.model.inheritance.DefaultInheritanceAssembler$InheritanceModelMerger::mergePluginContainer_Plugins (430 bytes)


---------------  P R O C E S S  ---------------

Java Threads: ( => current thread )
  0x0000000017b4e000 JavaThread "Service Thread" daemon [_thread_blocked, id=18252, stack(0x0000000019880000,0x0000000019980000)]
  0x0000000017afc000 JavaThread "C1 CompilerThread2" daemon [_thread_blocked, id=7448, stack(0x0000000019380000,0x0000000019480000)]
  0x0000000017af4800 JavaThread "C2 CompilerThread1" daemon [_thread_blocked, id=3792, stack(0x0000000019280000,0x0000000019380000)]
=>0x0000000017aed800 JavaThread "C2 CompilerThread0" daemon [_thread_in_native, id=19116, stack(0x0000000019180000,0x0000000019280000)]
  0x0000000017aeb800 JavaThread "Attach Listener" daemon [_thread_blocked, id=1656, stack(0x0000000019080000,0x0000000019180000)]
  0x0000000017aea000 JavaThread "Signal Dispatcher" daemon [_thread_blocked, id=1364, stack(0x0000000018f80000,0x0000000019080000)]
  0x0000000002e9b800 JavaThread "Finalizer" daemon [_thread_blocked, id=16804, stack(0x0000000018d60000,0x0000000018e60000)]
  0x0000000002e90800 JavaThread "Reference Handler" daemon [_thread_blocked, id=18068, stack(0x0000000018c60000,0x0000000018d60000)]
  0x0000000002f9e000 JavaThread "main" [_thread_in_Java, id=5888, stack(0x0000000002c50000,0x0000000002d50000)]

Other Threads:
  0x0000000017ab7800 VMThread [stack: 0x0000000018b60000,0x0000000018c60000] [id=6732]
  0x00000000194ab000 WatcherThread [stack: 0x0000000019af0000,0x0000000019bf0000] [id=7392]

VM state:not at safepoint (normal execution)

VM Mutex/Monitor currently owned by a thread: None

Heap:
 PSYoungGen      total 143872K, used 30728K [0x00000000d5d80000, 0x00000000e5400000, 0x0000000100000000)
  eden space 133120K, 23% used [0x00000000d5d80000,0x00000000d7b82110,0x00000000ddf80000)
  from space 10752K, 0% used [0x00000000ddf80000,0x00000000ddf80000,0x00000000dea00000)
  to   space 19968K, 0% used [0x00000000e4080000,0x00000000e4080000,0x00000000e5400000)
 ParOldGen       total 133632K, used 37112K [0x0000000081800000, 0x0000000089a80000, 0x00000000d5d80000)
  object space 133632K, 27% used [0x0000000081800000,0x0000000083c3e268,0x0000000089a80000)
 Metaspace       used 35562K, capacity 36224K, committed 36352K, reserved 1081344K
  class space    used 4055K, capacity 4248K, committed 4352K, reserved 1048576K

Card table byte_map: [0x0000000012360000,0x0000000012760000] byte_map_base: 0x0000000011f54000

Marking Bits: (ParMarkBitMap*) 0x000000006d4da6c0
 Begin Bits: [0x0000000012e10000, 0x0000000014db0000)
 End Bits:   [0x0000000014db0000, 0x0000000016d50000)

Polling page: 0x0000000002d50000

CodeCache: size=245760Kb used=19136Kb max_used=19157Kb free=226623Kb
 bounds [0x0000000002fa0000, 0x0000000004270000, 0x0000000011fa0000]
 total_blobs=5823 nmethods=5398 adapters=337
 compilation: enabled

Compilation events (10 events):
Event: 12.596 Thread 0x0000000017af4800 5820       4       sun.reflect.ReflectionFactory::copyMethod (10 bytes)
Event: 12.599 Thread 0x0000000017af4800 nmethod 5820 0x000000000425f890 code [0x000000000425f9e0, 0x000000000425fbf8]
Event: 12.599 Thread 0x0000000017af4800 5821       4       com.google.inject.spi.InjectionPoint::isEligibleForInjection (31 bytes)
Event: 12.600 Thread 0x0000000017af4800 nmethod 5821 0x000000000421e310 code [0x000000000421e440, 0x000000000421e4b8]
Event: 12.600 Thread 0x0000000017af4800 5809       4       com.google.common.collect.AbstractIndexedListIterator::hasNext (17 bytes)
Event: 12.600 Thread 0x0000000017af4800 nmethod 5809 0x00000000034c0b50 code [0x00000000034c0c80, 0x00000000034c0cf8]
Event: 12.600 Thread 0x0000000017af4800 5829       4       java.lang.Class::checkInitted (19 bytes)
Event: 12.601 Thread 0x0000000017af4800 nmethod 5829 0x000000000352ad90 code [0x000000000352aec0, 0x000000000352af18]
Event: 12.601 Thread 0x0000000017af4800 5790       4       java.lang.Integer::equals (29 bytes)
Event: 12.601 Thread 0x0000000017af4800 nmethod 5790 0x00000000038991d0 code [0x0000000003899300, 0x0000000003899398]

GC Heap History (10 events):
Event: 7.262 GC heap before
{Heap before GC invocations=5 (full 0):
 PSYoungGen      total 71680K, used 71648K [0x00000000d5d80000, 0x00000000da880000, 0x0000000100000000)
  eden space 66560K, 100% used [0x00000000d5d80000,0x00000000d9e80000,0x00000000d9e80000)
  from space 5120K, 99% used [0x00000000da380000,0x00000000da878020,0x00000000da880000)
  to   space 5120K, 0% used [0x00000000d9e80000,0x00000000d9e80000,0x00000000da380000)
 ParOldGen       total 87552K, used 7223K [0x0000000081800000, 0x0000000086d80000, 0x00000000d5d80000)
  object space 87552K, 8% used [0x0000000081800000,0x0000000081f0dc10,0x0000000086d80000)
 Metaspace       used 18369K, capacity 18800K, committed 18944K, reserved 1067008K
  class space    used 2197K, capacity 2303K, committed 2304K, reserved 1048576K
Event: 7.291 GC heap after
Heap after GC invocations=5 (full 0):
 PSYoungGen      total 71680K, used 5104K [0x00000000d5d80000, 0x00000000df480000, 0x0000000100000000)
  eden space 66560K, 0% used [0x00000000d5d80000,0x00000000d5d80000,0x00000000d9e80000)
  from space 5120K, 99% used [0x00000000d9e80000,0x00000000da37c010,0x00000000da380000)
  to   space 10752K, 0% used [0x00000000dea00000,0x00000000dea00000,0x00000000df480000)
 ParOldGen       total 87552K, used 12454K [0x0000000081800000, 0x0000000086d80000, 0x00000000d5d80000)
  object space 87552K, 14% used [0x0000000081800000,0x0000000082429b28,0x0000000086d80000)
 Metaspace       used 18369K, capacity 18800K, committed 18944K, reserved 1067008K
  class space    used 2197K, capacity 2303K, committed 2304K, reserved 1048576K
}
Event: 7.845 GC heap before
{Heap before GC invocations=6 (full 0):
 PSYoungGen      total 71680K, used 19876K [0x00000000d5d80000, 0x00000000df480000, 0x0000000100000000)
  eden space 66560K, 22% used [0x00000000d5d80000,0x00000000d6bed3a8,0x00000000d9e80000)
  from space 5120K, 99% used [0x00000000d9e80000,0x00000000da37c010,0x00000000da380000)
  to   space 10752K, 0% used [0x00000000dea00000,0x00000000dea00000,0x00000000df480000)
 ParOldGen       total 87552K, used 12454K [0x0000000081800000, 0x0000000086d80000, 0x00000000d5d80000)
  object space 87552K, 14% used [0x0000000081800000,0x0000000082429b28,0x0000000086d80000)
 Metaspace       used 20613K, capacity 21140K, committed 21296K, reserved 1069056K
  class space    used 2480K, capacity 2639K, committed 2688K, reserved 1048576K
Event: 7.861 GC heap after
Heap after GC invocations=6 (full 0):
 PSYoungGen      total 143872K, used 6740K [0x00000000d5d80000, 0x00000000df480000, 0x0000000100000000)
  eden space 133120K, 0% used [0x00000000d5d80000,0x00000000d5d80000,0x00000000ddf80000)
  from space 10752K, 62% used [0x00000000dea00000,0x00000000df0951b8,0x00000000df480000)
  to   space 10752K, 0% used [0x00000000ddf80000,0x00000000ddf80000,0x00000000dea00000)
 ParOldGen       total 87552K, used 12462K [0x0000000081800000, 0x0000000086d80000, 0x00000000d5d80000)
  object space 87552K, 14% used [0x0000000081800000,0x000000008242bb28,0x0000000086d80000)
 Metaspace       used 20613K, capacity 21140K, committed 21296K, reserved 1069056K
  class space    used 2480K, capacity 2639K, committed 2688K, reserved 1048576K
}
Event: 7.861 GC heap before
{Heap before GC invocations=7 (full 1):
 PSYoungGen      total 143872K, used 6740K [0x00000000d5d80000, 0x00000000df480000, 0x0000000100000000)
  eden space 133120K, 0% used [0x00000000d5d80000,0x00000000d5d80000,0x00000000ddf80000)
  from space 10752K, 62% used [0x00000000dea00000,0x00000000df0951b8,0x00000000df480000)
  to   space 10752K, 0% used [0x00000000ddf80000,0x00000000ddf80000,0x00000000dea00000)
 ParOldGen       total 87552K, used 12462K [0x0000000081800000, 0x0000000086d80000, 0x00000000d5d80000)
  object space 87552K, 14% used [0x0000000081800000,0x000000008242bb28,0x0000000086d80000)
 Metaspace       used 20613K, capacity 21140K, committed 21296K, reserved 1069056K
  class space    used 2480K, capacity 2639K, committed 2688K, reserved 1048576K
Event: 7.948 GC heap after
Heap after GC invocations=7 (full 1):
 PSYoungGen      total 143872K, used 0K [0x00000000d5d80000, 0x00000000df480000, 0x0000000100000000)
  eden space 133120K, 0% used [0x00000000d5d80000,0x00000000d5d80000,0x00000000ddf80000)
  from space 10752K, 0% used [0x00000000dea00000,0x00000000dea00000,0x00000000df480000)
  to   space 10752K, 0% used [0x00000000ddf80000,0x00000000ddf80000,0x00000000dea00000)
 ParOldGen       total 64512K, used 11074K [0x0000000081800000, 0x0000000085700000, 0x00000000d5d80000)
  object space 64512K, 17% used [0x0000000081800000,0x00000000822d0a38,0x0000000085700000)
 Metaspace       used 20613K, capacity 21140K, committed 21296K, reserved 1069056K
  class space    used 2480K, capacity 2639K, committed 2688K, reserved 1048576K
}
Event: 10.407 GC heap before
{Heap before GC invocations=8 (full 1):
 PSYoungGen      total 143872K, used 123664K [0x00000000d5d80000, 0x00000000df480000, 0x0000000100000000)
  eden space 133120K, 92% used [0x00000000d5d80000,0x00000000dd6443b8,0x00000000ddf80000)
  from space 10752K, 0% used [0x00000000dea00000,0x00000000dea00000,0x00000000df480000)
  to   space 10752K, 0% used [0x00000000ddf80000,0x00000000ddf80000,0x00000000dea00000)
 ParOldGen       total 64512K, used 11074K [0x0000000081800000, 0x0000000085700000, 0x00000000d5d80000)
  object space 64512K, 17% used [0x0000000081800000,0x00000000822d0a38,0x0000000085700000)
 Metaspace       used 34777K, capacity 35368K, committed 35456K, reserved 1081344K
  class space    used 4010K, capacity 4181K, committed 4224K, reserved 1048576K
Event: 10.461 GC heap after
Heap after GC invocations=8 (full 1):
 PSYoungGen      total 143872K, used 10727K [0x00000000d5d80000, 0x00000000e5400000, 0x0000000100000000)
  eden space 133120K, 0% used [0x00000000d5d80000,0x00000000d5d80000,0x00000000ddf80000)
  from space 10752K, 99% used [0x00000000ddf80000,0x00000000de9f9e08,0x00000000dea00000)
  to   space 19968K, 0% used [0x00000000e4080000,0x00000000e4080000,0x00000000e5400000)
 ParOldGen       total 64512K, used 27585K [0x0000000081800000, 0x0000000085700000, 0x00000000d5d80000)
  object space 64512K, 42% used [0x0000000081800000,0x00000000832f05e8,0x0000000085700000)
 Metaspace       used 34777K, capacity 35368K, committed 35456K, reserved 1081344K
  class space    used 4010K, capacity 4181K, committed 4224K, reserved 1048576K
}
Event: 10.461 GC heap before
{Heap before GC invocations=9 (full 2):
 PSYoungGen      total 143872K, used 10727K [0x00000000d5d80000, 0x00000000e5400000, 0x0000000100000000)
  eden space 133120K, 0% used [0x00000000d5d80000,0x00000000d5d80000,0x00000000ddf80000)
  from space 10752K, 99% used [0x00000000ddf80000,0x00000000de9f9e08,0x00000000dea00000)
  to   space 19968K, 0% used [0x00000000e4080000,0x00000000e4080000,0x00000000e5400000)
 ParOldGen       total 64512K, used 27585K [0x0000000081800000, 0x0000000085700000, 0x00000000d5d80000)
  object space 64512K, 42% used [0x0000000081800000,0x00000000832f05e8,0x0000000085700000)
 Metaspace       used 34777K, capacity 35368K, committed 35456K, reserved 1081344K
  class space    used 4010K, capacity 4181K, committed 4224K, reserved 1048576K
Event: 10.710 GC heap after
Heap after GC invocations=9 (full 2):
 PSYoungGen      total 143872K, used 0K [0x00000000d5d80000, 0x00000000e5400000, 0x0000000100000000)
  eden space 133120K, 0% used [0x00000000d5d80000,0x00000000d5d80000,0x00000000ddf80000)
  from space 10752K, 0% used [0x00000000ddf80000,0x00000000ddf80000,0x00000000dea00000)
  to   space 19968K, 0% used [0x00000000e4080000,0x00000000e4080000,0x00000000e5400000)
 ParOldGen       total 133632K, used 37112K [0x0000000081800000, 0x0000000089a80000, 0x00000000d5d80000)
  object space 133632K, 27% used [0x0000000081800000,0x0000000083c3e268,0x0000000089a80000)
 Metaspace       used 34777K, capacity 35368K, committed 35456K, reserved 1081344K
  class space    used 4010K, capacity 4181K, committed 4224K, reserved 1048576K
}

Deoptimization events (10 events):
Event: 10.823 Thread 0x0000000002f9e000 Uncommon trap: reason=bimorphic action=maybe_recompile pc=0x00000000035c5e0c method=com.sun.tools.javac.code.Types$19.visitClassType(Lcom/sun/tools/javac/code/Type$ClassType;Ljava/lang/Void;)Lcom/sun/tools/javac/util/List; @ 46
Event: 10.823 Thread 0x0000000002f9e000 Uncommon trap: reason=bimorphic action=maybe_recompile pc=0x00000000035c5e0c method=com.sun.tools.javac.code.Types$19.visitClassType(Lcom/sun/tools/javac/code/Type$ClassType;Ljava/lang/Void;)Lcom/sun/tools/javac/util/List; @ 46
Event: 10.824 Thread 0x0000000002f9e000 Uncommon trap: reason=class_check action=maybe_recompile pc=0x00000000032506f4 method=com.sun.tools.javac.code.Types$19.visitClassType(Lcom/sun/tools/javac/code/Type$ClassType;Ljava/lang/Void;)Lcom/sun/tools/javac/util/List; @ 46
Event: 10.840 Thread 0x0000000002f9e000 Uncommon trap: reason=unstable_if action=reinterpret pc=0x0000000003eeea84 method=com.sun.tools.javac.code.Type$ClassType.getTypeArguments()Lcom/sun/tools/javac/util/List; @ 15
Event: 10.898 Thread 0x0000000002f9e000 Uncommon trap: reason=unloaded action=reinterpret pc=0x0000000003e9cc60 method=com.sun.tools.javac.jvm.ClassReader.readPool(I)Ljava/lang/Object; @ 390
Event: 11.498 Thread 0x0000000002f9e000 Uncommon trap: reason=unstable_if action=reinterpret pc=0x000000000411754c method=com.sun.tools.javac.code.Types$Subst.subst(Lcom/sun/tools/javac/util/List;)Lcom/sun/tools/javac/util/List; @ 7
Event: 11.560 Thread 0x0000000002f9e000 Uncommon trap: reason=class_check action=maybe_recompile pc=0x0000000003f7fb70 method=com.sun.tools.javac.comp.Check.checkType(Lcom/sun/tools/javac/util/JCDiagnostic$DiagnosticPosition;Lcom/sun/tools/javac/code/Type;Lcom/sun/tools/javac/code/Type;Lcom/sun
Event: 11.560 Thread 0x0000000002f9e000 Uncommon trap: reason=class_check action=maybe_recompile pc=0x0000000003f7fb70 method=com.sun.tools.javac.comp.Check.checkType(Lcom/sun/tools/javac/util/JCDiagnostic$DiagnosticPosition;Lcom/sun/tools/javac/code/Type;Lcom/sun/tools/javac/code/Type;Lcom/sun
Event: 11.695 Thread 0x0000000002f9e000 Uncommon trap: reason=unstable_if action=reinterpret pc=0x00000000032e9c80 method=java.util.concurrent.ConcurrentHashMap.putVal(Ljava/lang/Object;Ljava/lang/Object;Z)Ljava/lang/Object; @ 206
Event: 12.266 Thread 0x0000000002f9e000 Uncommon trap: reason=unstable_if action=reinterpret pc=0x000000000395ab80 method=org.apache.maven.model.ConfigurationContainer.isInherited()Z @ 4

Internal exceptions (10 events):
Event: 8.554 Thread 0x0000000002f9e000 Exception <a 'java/io/FileNotFoundException'> (0x00000000d742a950) thrown at [C:\re\workspace\8-2-build-windows-amd64-cygwin\jdk8u111\7883\hotspot\src\share\vm\prims\jni.cpp, line 709]
Event: 9.056 Thread 0x0000000002f9e000 Implicit null exception at 0x00000000032f3f5b to 0x00000000032f43dd
Event: 9.700 Thread 0x0000000002f9e000 Exception <a 'java/io/FileNotFoundException'> (0x00000000dbb87190) thrown at [C:\re\workspace\8-2-build-windows-amd64-cygwin\jdk8u111\7883\hotspot\src\share\vm\prims\jni.cpp, line 709]
Event: 9.700 Thread 0x0000000002f9e000 Exception <a 'java/io/FileNotFoundException'> (0x00000000dbb87d60) thrown at [C:\re\workspace\8-2-build-windows-amd64-cygwin\jdk8u111\7883\hotspot\src\share\vm\prims\jni.cpp, line 709]
Event: 9.701 Thread 0x0000000002f9e000 Exception <a 'java/io/FileNotFoundException'> (0x00000000dbb88f80) thrown at [C:\re\workspace\8-2-build-windows-amd64-cygwin\jdk8u111\7883\hotspot\src\share\vm\prims\jni.cpp, line 709]
Event: 9.701 Thread 0x0000000002f9e000 Exception <a 'java/io/FileNotFoundException'> (0x00000000dbb89be0) thrown at [C:\re\workspace\8-2-build-windows-amd64-cygwin\jdk8u111\7883\hotspot\src\share\vm\prims\jni.cpp, line 709]
Event: 9.888 Thread 0x0000000002f9e000 Exception <a 'java/io/FileNotFoundException'> (0x00000000dc513ec0) thrown at [C:\re\workspace\8-2-build-windows-amd64-cygwin\jdk8u111\7883\hotspot\src\share\vm\prims\jni.cpp, line 709]
Event: 9.888 Thread 0x0000000002f9e000 Exception <a 'java/io/FileNotFoundException'> (0x00000000dc514a90) thrown at [C:\re\workspace\8-2-build-windows-amd64-cygwin\jdk8u111\7883\hotspot\src\share\vm\prims\jni.cpp, line 709]
Event: 9.888 Thread 0x0000000002f9e000 Exception <a 'java/io/FileNotFoundException'> (0x00000000dc515bd0) thrown at [C:\re\workspace\8-2-build-windows-amd64-cygwin\jdk8u111\7883\hotspot\src\share\vm\prims\jni.cpp, line 709]
Event: 9.889 Thread 0x0000000002f9e000 Exception <a 'java/io/FileNotFoundException'> (0x00000000dc516830) thrown at [C:\re\workspace\8-2-build-windows-amd64-cygwin\jdk8u111\7883\hotspot\src\share\vm\prims\jni.cpp, line 709]

Events (10 events):
Event: 12.444 loading class org/apache/maven/plugin/surefire/SurefireHelper
Event: 12.444 loading class org/apache/maven/plugin/surefire/SurefireHelper done
Event: 12.444 loading class org/apache/maven/plugin/surefire/SurefireHelper
Event: 12.444 loading class org/apache/maven/plugin/surefire/SurefireHelper done
Event: 12.445 loading class org/apache/maven/plugin/surefire/SurefireHelper
Event: 12.445 loading class org/apache/maven/plugin/surefire/SurefireHelper done
Event: 12.445 loading class org/apache/maven/plugin/surefire/SurefireHelper
Event: 12.445 loading class org/apache/maven/plugin/surefire/SurefireHelper done
Event: 12.445 loading class java/lang/IllegalAccessError
Event: 12.446 loading class java/lang/IllegalAccessError done


Dynamic libraries:
0x00007ff7d81a0000 - 0x00007ff7d81d7000 	C:\Program Files\Java\jdk1.8.0_111\bin\java.exe
0x00007ff971760000 - 0x00007ff971950000 	C:\WINDOWS\SYSTEM32\ntdll.dll
0x00007ff9715b0000 - 0x00007ff971662000 	C:\WINDOWS\System32\KERNEL32.DLL
0x00007ff96f460000 - 0x00007ff96f704000 	C:\WINDOWS\System32\KERNELBASE.dll
0x00007ff971670000 - 0x00007ff971713000 	C:\WINDOWS\System32\ADVAPI32.dll
0x00007ff970fa0000 - 0x00007ff97103e000 	C:\WINDOWS\System32\msvcrt.dll
0x00007ff96f9e0000 - 0x00007ff96fa77000 	C:\WINDOWS\System32\sechost.dll
0x00007ff96fb20000 - 0x00007ff96fc40000 	C:\WINDOWS\System32\RPCRT4.dll
0x00007ff970690000 - 0x00007ff970824000 	C:\WINDOWS\System32\USER32.dll
0x00007ff96f7f0000 - 0x00007ff96f811000 	C:\WINDOWS\System32\win32u.dll
0x00007ff971440000 - 0x00007ff971466000 	C:\WINDOWS\System32\GDI32.dll
0x00007ff96e8c0000 - 0x00007ff96ea55000 	C:\WINDOWS\System32\gdi32full.dll
0x00007ff96e820000 - 0x00007ff96e8be000 	C:\WINDOWS\System32\msvcp_win.dll
0x00007ff96ea60000 - 0x00007ff96eb5a000 	C:\WINDOWS\System32\ucrtbase.dll
0x00007ff95cce0000 - 0x00007ff95cf64000 	C:\WINDOWS\WinSxS\amd64_microsoft.windows.common-controls_6595b64144ccf1df_6.0.18362.900_none_e6beb9d913147d17\COMCTL32.dll
0x00007ff970340000 - 0x00007ff970675000 	C:\WINDOWS\System32\combase.dll
0x00007ff96f770000 - 0x00007ff96f7f0000 	C:\WINDOWS\System32\bcryptPrimitives.dll
0x00007ff96fa80000 - 0x00007ff96faae000 	C:\WINDOWS\System32\IMM32.DLL
0x000000006cbe0000 - 0x000000006ccb2000 	C:\Program Files\Java\jdk1.8.0_111\jre\bin\msvcr100.dll
0x000000006ccc0000 - 0x000000006d55a000 	C:\Program Files\Java\jdk1.8.0_111\jre\bin\server\jvm.dll
0x00007ff970680000 - 0x00007ff970688000 	C:\WINDOWS\System32\PSAPI.DLL
0x00007ff964cf0000 - 0x00007ff964cf9000 	C:\WINDOWS\SYSTEM32\WSOCK32.dll
0x00007ff96c790000 - 0x00007ff96c7b4000 	C:\WINDOWS\SYSTEM32\WINMM.dll
0x00007ff965320000 - 0x00007ff96532a000 	C:\WINDOWS\SYSTEM32\VERSION.dll
0x00007ff96fab0000 - 0x00007ff96fb1f000 	C:\WINDOWS\System32\WS2_32.dll
0x00007ff96c630000 - 0x00007ff96c65d000 	C:\WINDOWS\SYSTEM32\WINMMBASE.dll
0x00007ff96e7d0000 - 0x00007ff96e81a000 	C:\WINDOWS\System32\cfgmgr32.dll
0x000000006e760000 - 0x000000006e76f000 	C:\Program Files\Java\jdk1.8.0_111\jre\bin\verify.dll
0x000000006cbb0000 - 0x000000006cbd9000 	C:\Program Files\Java\jdk1.8.0_111\jre\bin\java.dll
0x000000006cb90000 - 0x000000006cba6000 	C:\Program Files\Java\jdk1.8.0_111\jre\bin\zip.dll
0x00007ff96fc50000 - 0x00007ff970336000 	C:\WINDOWS\System32\SHELL32.dll
0x00007ff971040000 - 0x00007ff9710e9000 	C:\WINDOWS\System32\shcore.dll
0x00007ff96eb60000 - 0x00007ff96f2e0000 	C:\WINDOWS\System32\windows.storage.dll
0x00007ff96e7a0000 - 0x00007ff96e7c3000 	C:\WINDOWS\System32\profapi.dll
0x00007ff96e710000 - 0x00007ff96e75a000 	C:\WINDOWS\System32\powrprof.dll
0x00007ff96e700000 - 0x00007ff96e710000 	C:\WINDOWS\System32\UMPDC.dll
0x00007ff96f900000 - 0x00007ff96f952000 	C:\WINDOWS\System32\shlwapi.dll
0x00007ff96e780000 - 0x00007ff96e791000 	C:\WINDOWS\System32\kernel.appcore.dll
0x00007ff96f8d0000 - 0x00007ff96f8e7000 	C:\WINDOWS\System32\cryptsp.dll
0x00007ff96b1c0000 - 0x00007ff96b1ca000 	C:\apache-maven-3.6.3\lib\jansi-native\windows64\jansi.dll
0x000000006cb70000 - 0x000000006cb8a000 	C:\Program Files\Java\jdk1.8.0_111\jre\bin\net.dll
0x00007ff96df70000 - 0x00007ff96dfd7000 	C:\WINDOWS\system32\mswsock.dll
0x000000006cb50000 - 0x000000006cb61000 	C:\Program Files\Java\jdk1.8.0_111\jre\bin\nio.dll

VM Arguments:
jvm_args: -Dclassworlds.conf=C:\apache-maven-3.6.3\bin\..\bin\m2.conf -Dmaven.home=C:\apache-maven-3.6.3\bin\.. -Dlibrary.jansi.path=C:\apache-maven-3.6.3\bin\..\lib\jansi-native -Dmaven.multiModuleProjectDirectory=D:\Mi Escritorio\web\habilitacion\habilitacionweb 
java_command: org.codehaus.plexus.classworlds.launcher.Launcher -Dmaven.ext.class.path=C:\Program Files\NetBeans 8.2\java\maven-nblib\netbeans-eventspy.jar -Dfile.encoding=UTF-8 clean install
java_class_path (initial): C:\apache-maven-3.6.3\bin\..\boot\plexus-classworlds-2.6.0.jar
Launcher Type: SUN_STANDARD

Environment Variables:
JAVA_HOME=C:\Program Files\Java\jdk1.8.0_111
PATH=C:\Program Files (x86)\Common Files\Oracle\Java\javapath;C:\ProgramData\Oracle\Java\javapath;C:\WINDOWS\system32;C:\WINDOWS;C:\WINDOWS\System32\Wbem;C:\WINDOWS\System32\WindowsPowerShell\v1.0\;C:\ProgramData\chocolatey\bin;C:\WINDOWS\System32\OpenSSH\;C:\Program Files\nodejs\;C:\Program Files\Microsoft SQL Server\130\Tools\Binn\;C:\Program Files\Microsoft SQL Server\Client SDK\ODBC\170\Tools\Binn\;C:\Program Files\Git\cmd;C:\flutter\bin;C:\Program Files\dotnet\;C:\Program Files (x86)\Microsoft SQL Server\150\Tools\Binn\;C:\Program Files\Microsoft SQL Server\150\Tools\Binn\;C:\Program Files\Microsoft SQL Server\150\DTS\Binn\;C:\Program Files (x86)\Microsoft SQL Server\150\DTS\Binn\;C:\apache-maven-3.6.3;D:\Google Cloud Sdk\google-cloud-sdk\bin;D:\swipl\bin;D:\swipl\lib\;D:\putty\;C:\Users\Pc-Victor\AppData\Local\Programs\Python\Python38-32\Scripts\;C:\Users\Pc-Victor\AppData\Local\Programs\Python\Python38-32\;C:\Users\Pc-Victor\AppData\Local\Programs\Microsoft VS Code\bin;C:\Users\Pc-Victor\AppData\Local\Microsoft\WindowsApps;C:\Users\Pc-Victor\AppData\Roaming\npm;C:\src\flutter\bin;C:\apache-maven-3.6.3\bin;;D:\PyCharm\PyCharm 2020.1.1\bin;
USERNAME=Pc-Victor
OS=Windows_NT
PROCESSOR_IDENTIFIER=Intel64 Family 6 Model 69 Stepping 1, GenuineIntel



---------------  S Y S T E M  ---------------

OS: Windows 10.0 , 64 bit Build 18362 (10.0.18362.900)

CPU:total 4 (2 cores per cpu, 2 threads per core) family 6 model 69 stepping 1, cmov, cx8, fxsr, mmx, sse, sse2, sse3, ssse3, sse4.1, sse4.2, popcnt, avx, avx2, aes, clmul, erms, lzcnt, ht, tsc, tscinvbit, bmi1, bmi2

Memory: 4k page, physical 8282476k(628268k free), swap 23522456k(5916k free)

vm_info: Java HotSpot(TM) 64-Bit Server VM (25.111-b14) for windows-amd64 JRE (1.8.0_111-b14), built on Sep 22 2016 19:24:05 by "java_re" with MS VC++ 10.0 (VS2010)

time: Tue Jul 07 13:15:52 2020
elapsed time: 12 seconds (0d 0h 0m 12s)

