#
# There is insufficient memory for the Java Runtime Environment to continue.
# Native memory allocation (malloc) failed to allocate 659088 bytes for Chunk::new
# Possible reasons:
#   The system is out of physical RAM or swap space
#   In 32 bit mode, the process size limit was hit
# Possible solutions:
#   Reduce memory load on the system
#   Increase physical memory or swap space
#   Check if swap backing store is full
#   Use 64 bit Java on a 64 bit OS
#   Decrease Java heap size (-Xmx/-Xms)
#   Decrease number of Java threads
#   Decrease Java thread stack sizes (-Xss)
#   Set larger code cache with -XX:ReservedCodeCacheSize=
# This output file may be truncated or incomplete.
#
#  Out of Memory Error (allocation.cpp:390), pid=13032, tid=0x00000000000043dc
#
# JRE version: Java(TM) SE Runtime Environment (8.0_111-b14) (build 1.8.0_111-b14)
# Java VM: Java HotSpot(TM) 64-Bit Server VM (25.111-b14 mixed mode windows-amd64 compressed oops)
# Failed to write core dump. Minidumps are not enabled by default on client versions of Windows
#

---------------  T H R E A D  ---------------

Current thread (0x0000000017934000):  JavaThread "C2 CompilerThread1" daemon [_thread_in_native, id=17372, stack(0x00000000190b0000,0x00000000191b0000)]

Stack: [0x00000000190b0000,0x00000000191b0000]
[error occurred during error reporting (printing stack bounds), id 0xc0000005]

Native frames: (J=compiled Java code, j=interpreted, Vv=VM code, C=native code)


Current CompileTask:
C2:  11446 6056   !   4       com.google.inject.spi.InjectionPoint::getInjectionPoints (489 bytes)


---------------  P R O C E S S  ---------------

Java Threads: ( => current thread )
  0x00000000192d4000 JavaThread "Service Thread" daemon [_thread_blocked, id=5592, stack(0x00000000196b0000,0x00000000197b0000)]
  0x000000001793b800 JavaThread "C1 CompilerThread2" daemon [_thread_blocked, id=15412, stack(0x00000000191b0000,0x00000000192b0000)]
=>0x0000000017934000 JavaThread "C2 CompilerThread1" daemon [_thread_in_native, id=17372, stack(0x00000000190b0000,0x00000000191b0000)]
  0x000000001792f000 JavaThread "C2 CompilerThread0" daemon [_thread_blocked, id=17464, stack(0x0000000018fb0000,0x00000000190b0000)]
  0x000000001792d800 JavaThread "Attach Listener" daemon [_thread_blocked, id=9072, stack(0x0000000018eb0000,0x0000000018fb0000)]
  0x000000001792a000 JavaThread "Signal Dispatcher" daemon [_thread_blocked, id=14976, stack(0x0000000018db0000,0x0000000018eb0000)]
  0x0000000002ddb800 JavaThread "Finalizer" daemon [_thread_blocked, id=15472, stack(0x0000000018b90000,0x0000000018c90000)]
  0x0000000002dd0800 JavaThread "Reference Handler" daemon [_thread_blocked, id=17460, stack(0x0000000018a90000,0x0000000018b90000)]
  0x0000000002cde000 JavaThread "main" [_thread_in_native, id=16276, stack(0x0000000002b10000,0x0000000002c10000)]

Other Threads:
  0x00000000178f7800 VMThread [stack: 0x0000000018990000,0x0000000018a90000] [id=15300]
  0x0000000019309000 WatcherThread [stack: 0x0000000019920000,0x0000000019a20000] [id=14560]

VM state:not at safepoint (normal execution)

VM Mutex/Monitor currently owned by a thread: None

Heap:
 PSYoungGen      total 143360K, used 57987K [0x00000000d5d80000, 0x00000000e4680000, 0x0000000100000000)
  eden space 133120K, 43% used [0x00000000d5d80000,0x00000000d9620e88,0x00000000ddf80000)
  from space 10240K, 0% used [0x00000000ddf80000,0x00000000ddf80000,0x00000000de980000)
  to   space 19968K, 0% used [0x00000000e3300000,0x00000000e3300000,0x00000000e4680000)
 ParOldGen       total 67584K, used 37350K [0x0000000081800000, 0x0000000085a00000, 0x00000000d5d80000)
  object space 67584K, 55% used [0x0000000081800000,0x0000000083c799d8,0x0000000085a00000)
 Metaspace       used 38936K, capacity 39834K, committed 40192K, reserved 1085440K
  class space    used 4499K, capacity 4765K, committed 4864K, reserved 1048576K

Card table byte_map: [0x00000000121a0000,0x00000000125a0000] byte_map_base: 0x0000000011d94000

Marking Bits: (ParMarkBitMap*) 0x000000006d4da6c0
 Begin Bits: [0x0000000012c50000, 0x0000000014bf0000)
 End Bits:   [0x0000000014bf0000, 0x0000000016b90000)

Polling page: 0x0000000002af0000

CodeCache: size=245760Kb used=20037Kb max_used=20049Kb free=225722Kb
 bounds [0x0000000002de0000, 0x0000000004190000, 0x0000000011de0000]
 total_blobs=6162 nmethods=5714 adapters=360
 compilation: enabled

Compilation events (10 events):
Event: 11.360 Thread 0x000000001793b800 6216       3       java.lang.AbstractStringBuilder::substring (62 bytes)
Event: 11.360 Thread 0x000000001793b800 nmethod 6216 0x000000000417ea10 code [0x000000000417ebc0, 0x000000000417f0b8]
Event: 11.362 Thread 0x000000001793b800 6218       1       java.util.Calendar::getFirstDayOfWeek (5 bytes)
Event: 11.362 Thread 0x000000001793b800 nmethod 6218 0x000000000417e750 code [0x000000000417e8a0, 0x000000000417e9b0]
Event: 11.362 Thread 0x000000001793b800 6219       1       java.util.Calendar::getMinimalDaysInFirstWeek (5 bytes)
Event: 11.362 Thread 0x000000001793b800 nmethod 6219 0x000000000417e490 code [0x000000000417e5e0, 0x000000000417e6f0]
Event: 11.363 Thread 0x000000001793b800 6220       3       java.lang.Integer::toString (48 bytes)
Event: 11.364 Thread 0x000000001793b800 nmethod 6220 0x000000000417d8d0 code [0x000000000417daa0, 0x000000000417e0e8]
Event: 11.365 Thread 0x000000001792f000 nmethod 6213 0x00000000041833d0 code [0x0000000004183540, 0x0000000004183bd8]
Event: 11.365 Thread 0x000000001792f000 6217       4       java.io.OutputStreamWriter::write (11 bytes)

GC Heap History (10 events):
Event: 5.477 GC heap before
{Heap before GC invocations=5 (full 0):
 PSYoungGen      total 71680K, used 71648K [0x00000000d5d80000, 0x00000000da880000, 0x0000000100000000)
  eden space 66560K, 100% used [0x00000000d5d80000,0x00000000d9e80000,0x00000000d9e80000)
  from space 5120K, 99% used [0x00000000da380000,0x00000000da878040,0x00000000da880000)
  to   space 5120K, 0% used [0x00000000d9e80000,0x00000000d9e80000,0x00000000da380000)
 ParOldGen       total 87552K, used 6891K [0x0000000081800000, 0x0000000086d80000, 0x00000000d5d80000)
  object space 87552K, 7% used [0x0000000081800000,0x0000000081ebae80,0x0000000086d80000)
 Metaspace       used 18333K, capacity 18800K, committed 18944K, reserved 1067008K
  class space    used 2197K, capacity 2303K, committed 2304K, reserved 1048576K
Event: 5.500 GC heap after
Heap after GC invocations=5 (full 0):
 PSYoungGen      total 71680K, used 5104K [0x00000000d5d80000, 0x00000000df480000, 0x0000000100000000)
  eden space 66560K, 0% used [0x00000000d5d80000,0x00000000d5d80000,0x00000000d9e80000)
  from space 5120K, 99% used [0x00000000d9e80000,0x00000000da37c030,0x00000000da380000)
  to   space 10752K, 0% used [0x00000000dea00000,0x00000000dea00000,0x00000000df480000)
 ParOldGen       total 87552K, used 12116K [0x0000000081800000, 0x0000000086d80000, 0x00000000d5d80000)
  object space 87552K, 13% used [0x0000000081800000,0x00000000823d5230,0x0000000086d80000)
 Metaspace       used 18333K, capacity 18800K, committed 18944K, reserved 1067008K
  class space    used 2197K, capacity 2303K, committed 2304K, reserved 1048576K
}
Event: 6.002 GC heap before
{Heap before GC invocations=6 (full 0):
 PSYoungGen      total 71680K, used 21130K [0x00000000d5d80000, 0x00000000df480000, 0x0000000100000000)
  eden space 66560K, 24% used [0x00000000d5d80000,0x00000000d6d26870,0x00000000d9e80000)
  from space 5120K, 99% used [0x00000000d9e80000,0x00000000da37c030,0x00000000da380000)
  to   space 10752K, 0% used [0x00000000dea00000,0x00000000dea00000,0x00000000df480000)
 ParOldGen       total 87552K, used 12116K [0x0000000081800000, 0x0000000086d80000, 0x00000000d5d80000)
  object space 87552K, 13% used [0x0000000081800000,0x00000000823d5230,0x0000000086d80000)
 Metaspace       used 20624K, capacity 21140K, committed 21296K, reserved 1069056K
  class space    used 2489K, capacity 2639K, committed 2688K, reserved 1048576K
Event: 6.019 GC heap after
Heap after GC invocations=6 (full 0):
 PSYoungGen      total 142848K, used 6713K [0x00000000d5d80000, 0x00000000df380000, 0x0000000100000000)
  eden space 133120K, 0% used [0x00000000d5d80000,0x00000000d5d80000,0x00000000ddf80000)
  from space 9728K, 69% used [0x00000000dea00000,0x00000000df08e6b8,0x00000000df380000)
  to   space 10240K, 0% used [0x00000000ddf80000,0x00000000ddf80000,0x00000000de980000)
 ParOldGen       total 87552K, used 12124K [0x0000000081800000, 0x0000000086d80000, 0x00000000d5d80000)
  object space 87552K, 13% used [0x0000000081800000,0x00000000823d7230,0x0000000086d80000)
 Metaspace       used 20624K, capacity 21140K, committed 21296K, reserved 1069056K
  class space    used 2489K, capacity 2639K, committed 2688K, reserved 1048576K
}
Event: 6.019 GC heap before
{Heap before GC invocations=7 (full 1):
 PSYoungGen      total 142848K, used 6713K [0x00000000d5d80000, 0x00000000df380000, 0x0000000100000000)
  eden space 133120K, 0% used [0x00000000d5d80000,0x00000000d5d80000,0x00000000ddf80000)
  from space 9728K, 69% used [0x00000000dea00000,0x00000000df08e6b8,0x00000000df380000)
  to   space 10240K, 0% used [0x00000000ddf80000,0x00000000ddf80000,0x00000000de980000)
 ParOldGen       total 87552K, used 12124K [0x0000000081800000, 0x0000000086d80000, 0x00000000d5d80000)
  object space 87552K, 13% used [0x0000000081800000,0x00000000823d7230,0x0000000086d80000)
 Metaspace       used 20624K, capacity 21140K, committed 21296K, reserved 1069056K
  class space    used 2489K, capacity 2639K, committed 2688K, reserved 1048576K
Event: 6.122 GC heap after
Heap after GC invocations=7 (full 1):
 PSYoungGen      total 142848K, used 0K [0x00000000d5d80000, 0x00000000df380000, 0x0000000100000000)
  eden space 133120K, 0% used [0x00000000d5d80000,0x00000000d5d80000,0x00000000ddf80000)
  from space 9728K, 0% used [0x00000000dea00000,0x00000000dea00000,0x00000000df380000)
  to   space 10240K, 0% used [0x00000000ddf80000,0x00000000ddf80000,0x00000000de980000)
 ParOldGen       total 67584K, used 11008K [0x0000000081800000, 0x0000000085a00000, 0x00000000d5d80000)
  object space 67584K, 16% used [0x0000000081800000,0x00000000822c02d8,0x0000000085a00000)
 Metaspace       used 20624K, capacity 21140K, committed 21296K, reserved 1069056K
  class space    used 2489K, capacity 2639K, committed 2688K, reserved 1048576K
}
Event: 8.670 GC heap before
{Heap before GC invocations=8 (full 1):
 PSYoungGen      total 142848K, used 126393K [0x00000000d5d80000, 0x00000000df380000, 0x0000000100000000)
  eden space 133120K, 94% used [0x00000000d5d80000,0x00000000dd8ee498,0x00000000ddf80000)
  from space 9728K, 0% used [0x00000000dea00000,0x00000000dea00000,0x00000000df380000)
  to   space 10240K, 0% used [0x00000000ddf80000,0x00000000ddf80000,0x00000000de980000)
 ParOldGen       total 67584K, used 11008K [0x0000000081800000, 0x0000000085a00000, 0x00000000d5d80000)
  object space 67584K, 16% used [0x0000000081800000,0x00000000822c02d8,0x0000000085a00000)
 Metaspace       used 34827K, capacity 35400K, committed 35456K, reserved 1081344K
  class space    used 4027K, capacity 4213K, committed 4224K, reserved 1048576K
Event: 8.714 GC heap after
Heap after GC invocations=8 (full 1):
 PSYoungGen      total 143360K, used 10237K [0x00000000d5d80000, 0x00000000e4680000, 0x0000000100000000)
  eden space 133120K, 0% used [0x00000000d5d80000,0x00000000d5d80000,0x00000000ddf80000)
  from space 10240K, 99% used [0x00000000ddf80000,0x00000000de97f628,0x00000000de980000)
  to   space 19968K, 0% used [0x00000000e3300000,0x00000000e3300000,0x00000000e4680000)
 ParOldGen       total 67584K, used 28203K [0x0000000081800000, 0x0000000085a00000, 0x00000000d5d80000)
  object space 67584K, 41% used [0x0000000081800000,0x000000008338ac30,0x0000000085a00000)
 Metaspace       used 34827K, capacity 35400K, committed 35456K, reserved 1081344K
  class space    used 4027K, capacity 4213K, committed 4224K, reserved 1048576K
}
Event: 8.715 GC heap before
{Heap before GC invocations=9 (full 2):
 PSYoungGen      total 143360K, used 10237K [0x00000000d5d80000, 0x00000000e4680000, 0x0000000100000000)
  eden space 133120K, 0% used [0x00000000d5d80000,0x00000000d5d80000,0x00000000ddf80000)
  from space 10240K, 99% used [0x00000000ddf80000,0x00000000de97f628,0x00000000de980000)
  to   space 19968K, 0% used [0x00000000e3300000,0x00000000e3300000,0x00000000e4680000)
 ParOldGen       total 67584K, used 28203K [0x0000000081800000, 0x0000000085a00000, 0x00000000d5d80000)
  object space 67584K, 41% used [0x0000000081800000,0x000000008338ac30,0x0000000085a00000)
 Metaspace       used 34827K, capacity 35400K, committed 35456K, reserved 1081344K
  class space    used 4027K, capacity 4213K, committed 4224K, reserved 1048576K
Event: 9.011 GC heap after
Heap after GC invocations=9 (full 2):
 PSYoungGen      total 143360K, used 0K [0x00000000d5d80000, 0x00000000e4680000, 0x0000000100000000)
  eden space 133120K, 0% used [0x00000000d5d80000,0x00000000d5d80000,0x00000000ddf80000)
  from space 10240K, 0% used [0x00000000ddf80000,0x00000000ddf80000,0x00000000de980000)
  to   space 19968K, 0% used [0x00000000e3300000,0x00000000e3300000,0x00000000e4680000)
 ParOldGen       total 67584K, used 37350K [0x0000000081800000, 0x0000000085a00000, 0x00000000d5d80000)
  object space 67584K, 55% used [0x0000000081800000,0x0000000083c799d8,0x0000000085a00000)
 Metaspace       used 34827K, capacity 35400K, committed 35456K, reserved 1081344K
  class space    used 4027K, capacity 4213K, committed 4224K, reserved 1048576K
}

Deoptimization events (10 events):
Event: 11.146 Thread 0x0000000002cde000 Uncommon trap: reason=bimorphic action=maybe_recompile pc=0x0000000003c2b8dc method=java.util.Hashtable.put(Ljava/lang/Object;Ljava/lang/Object;)Ljava/lang/Object; @ 18
Event: 11.146 Thread 0x0000000002cde000 Uncommon trap: reason=bimorphic action=maybe_recompile pc=0x0000000003c2b8dc method=java.util.Hashtable.put(Ljava/lang/Object;Ljava/lang/Object;)Ljava/lang/Object; @ 18
Event: 11.149 Thread 0x0000000002cde000 Uncommon trap: reason=bimorphic action=maybe_recompile pc=0x0000000003019f9c method=java.util.Hashtable.addEntry(ILjava/lang/Object;Ljava/lang/Object;I)V @ 38
Event: 11.163 Thread 0x0000000002cde000 Uncommon trap: reason=bimorphic action=maybe_recompile pc=0x0000000003019f9c method=java.util.Hashtable.addEntry(ILjava/lang/Object;Ljava/lang/Object;I)V @ 38
Event: 11.178 Thread 0x0000000002cde000 Uncommon trap: reason=bimorphic action=maybe_recompile pc=0x0000000003019f9c method=java.util.Hashtable.addEntry(ILjava/lang/Object;Ljava/lang/Object;I)V @ 38
Event: 11.238 Thread 0x0000000002cde000 Uncommon trap: reason=bimorphic action=maybe_recompile pc=0x0000000003a26834 method=java.util.Hashtable.get(Ljava/lang/Object;)Ljava/lang/Object; @ 6
Event: 11.238 Thread 0x0000000002cde000 Uncommon trap: reason=bimorphic action=maybe_recompile pc=0x0000000003a26834 method=java.util.Hashtable.get(Ljava/lang/Object;)Ljava/lang/Object; @ 6
Event: 11.238 Thread 0x0000000002cde000 Uncommon trap: reason=bimorphic action=maybe_recompile pc=0x0000000003a26834 method=java.util.Hashtable.get(Ljava/lang/Object;)Ljava/lang/Object; @ 6
Event: 11.238 Thread 0x0000000002cde000 Uncommon trap: reason=bimorphic action=maybe_recompile pc=0x0000000003a26834 method=java.util.Hashtable.get(Ljava/lang/Object;)Ljava/lang/Object; @ 6
Event: 11.327 Thread 0x0000000002cde000 Uncommon trap: reason=unstable_if action=reinterpret pc=0x0000000003549760 method=java.util.Collections.indexedBinarySearch(Ljava/util/List;Ljava/lang/Object;)I @ 13

Internal exceptions (10 events):
Event: 7.891 Thread 0x0000000002cde000 Exception <a 'java/io/FileNotFoundException'> (0x00000000dbc239a0) thrown at [C:\re\workspace\8-2-build-windows-amd64-cygwin\jdk8u111\7883\hotspot\src\share\vm\prims\jni.cpp, line 709]
Event: 7.891 Thread 0x0000000002cde000 Exception <a 'java/io/FileNotFoundException'> (0x00000000dbc24bc0) thrown at [C:\re\workspace\8-2-build-windows-amd64-cygwin\jdk8u111\7883\hotspot\src\share\vm\prims\jni.cpp, line 709]
Event: 7.891 Thread 0x0000000002cde000 Exception <a 'java/io/FileNotFoundException'> (0x00000000dbc25820) thrown at [C:\re\workspace\8-2-build-windows-amd64-cygwin\jdk8u111\7883\hotspot\src\share\vm\prims\jni.cpp, line 709]
Event: 8.085 Thread 0x0000000002cde000 Exception <a 'java/io/FileNotFoundException'> (0x00000000dc5b91b8) thrown at [C:\re\workspace\8-2-build-windows-amd64-cygwin\jdk8u111\7883\hotspot\src\share\vm\prims\jni.cpp, line 709]
Event: 8.085 Thread 0x0000000002cde000 Exception <a 'java/io/FileNotFoundException'> (0x00000000dc5b9d88) thrown at [C:\re\workspace\8-2-build-windows-amd64-cygwin\jdk8u111\7883\hotspot\src\share\vm\prims\jni.cpp, line 709]
Event: 8.085 Thread 0x0000000002cde000 Exception <a 'java/io/FileNotFoundException'> (0x00000000dc5baec8) thrown at [C:\re\workspace\8-2-build-windows-amd64-cygwin\jdk8u111\7883\hotspot\src\share\vm\prims\jni.cpp, line 709]
Event: 8.085 Thread 0x0000000002cde000 Exception <a 'java/io/FileNotFoundException'> (0x00000000dc5bbb28) thrown at [C:\re\workspace\8-2-build-windows-amd64-cygwin\jdk8u111\7883\hotspot\src\share\vm\prims\jni.cpp, line 709]
Event: 10.800 Thread 0x0000000002cde000 Exception <a 'java/io/FileNotFoundException'> (0x00000000d85d9e20) thrown at [C:\re\workspace\8-2-build-windows-amd64-cygwin\jdk8u111\7883\hotspot\src\share\vm\prims\jni.cpp, line 709]
Event: 10.846 Thread 0x0000000002cde000 Exception <a 'java/lang/NoSuchFieldError': method resolution failed> (0x00000000d86a1338) thrown at [C:\re\workspace\8-2-build-windows-amd64-cygwin\jdk8u111\7883\hotspot\src\share\vm\prims\methodHandles.cpp, line 1146]
Event: 10.851 Thread 0x0000000002cde000 Exception <a 'java/lang/NoSuchFieldError': method resolution failed> (0x00000000d86aedc8) thrown at [C:\re\workspace\8-2-build-windows-amd64-cygwin\jdk8u111\7883\hotspot\src\share\vm\prims\methodHandles.cpp, line 1146]

Events (10 events):
Event: 11.357 loading class org/codehaus/plexus/util/WriterFactory
Event: 11.357 loading class org/codehaus/plexus/util/WriterFactory done
Event: 11.358 loading class org/apache/maven/artifact/repository/metadata/io/xpp3/MetadataXpp3Writer
Event: 11.358 loading class org/apache/maven/artifact/repository/metadata/io/xpp3/MetadataXpp3Writer done
Event: 11.360 loading class org/eclipse/aether/repository/LocalMetadataRegistration
Event: 11.360 loading class org/eclipse/aether/repository/LocalMetadataRegistration done
Event: 11.362 loading class org/apache/maven/artifact/repository/metadata/ArtifactRepositoryMetadata
Event: 11.362 loading class org/apache/maven/artifact/repository/metadata/ArtifactRepositoryMetadata done
Event: 11.362 loading class org/apache/maven/artifact/repository/metadata/AbstractRepositoryMetadata
Event: 11.362 loading class org/apache/maven/artifact/repository/metadata/AbstractRepositoryMetadata done


Dynamic libraries:
0x00007ff7d81a0000 - 0x00007ff7d81d7000 	C:\Program Files\Java\jdk1.8.0_111\bin\java.exe
0x00007ff971760000 - 0x00007ff971950000 	C:\WINDOWS\SYSTEM32\ntdll.dll
0x00007ff9715b0000 - 0x00007ff971662000 	C:\WINDOWS\System32\KERNEL32.DLL
0x00007ff96f460000 - 0x00007ff96f704000 	C:\WINDOWS\System32\KERNELBASE.dll
0x00007ff971670000 - 0x00007ff971713000 	C:\WINDOWS\System32\ADVAPI32.dll
0x00007ff970fa0000 - 0x00007ff97103e000 	C:\WINDOWS\System32\msvcrt.dll
0x00007ff96f9e0000 - 0x00007ff96fa77000 	C:\WINDOWS\System32\sechost.dll
0x00007ff96fb20000 - 0x00007ff96fc40000 	C:\WINDOWS\System32\RPCRT4.dll
0x00007ff970690000 - 0x00007ff970824000 	C:\WINDOWS\System32\USER32.dll
0x00007ff96f7f0000 - 0x00007ff96f811000 	C:\WINDOWS\System32\win32u.dll
0x00007ff971440000 - 0x00007ff971466000 	C:\WINDOWS\System32\GDI32.dll
0x00007ff96e8c0000 - 0x00007ff96ea55000 	C:\WINDOWS\System32\gdi32full.dll
0x00007ff96e820000 - 0x00007ff96e8be000 	C:\WINDOWS\System32\msvcp_win.dll
0x00007ff96ea60000 - 0x00007ff96eb5a000 	C:\WINDOWS\System32\ucrtbase.dll
0x00007ff95cce0000 - 0x00007ff95cf64000 	C:\WINDOWS\WinSxS\amd64_microsoft.windows.common-controls_6595b64144ccf1df_6.0.18362.900_none_e6beb9d913147d17\COMCTL32.dll
0x00007ff970340000 - 0x00007ff970675000 	C:\WINDOWS\System32\combase.dll
0x00007ff96f770000 - 0x00007ff96f7f0000 	C:\WINDOWS\System32\bcryptPrimitives.dll
0x00007ff96fa80000 - 0x00007ff96faae000 	C:\WINDOWS\System32\IMM32.DLL
0x000000006cbe0000 - 0x000000006ccb2000 	C:\Program Files\Java\jdk1.8.0_111\jre\bin\msvcr100.dll
0x000000006ccc0000 - 0x000000006d55a000 	C:\Program Files\Java\jdk1.8.0_111\jre\bin\server\jvm.dll
0x00007ff970680000 - 0x00007ff970688000 	C:\WINDOWS\System32\PSAPI.DLL
0x00007ff964cf0000 - 0x00007ff964cf9000 	C:\WINDOWS\SYSTEM32\WSOCK32.dll
0x00007ff96c790000 - 0x00007ff96c7b4000 	C:\WINDOWS\SYSTEM32\WINMM.dll
0x00007ff965320000 - 0x00007ff96532a000 	C:\WINDOWS\SYSTEM32\VERSION.dll
0x00007ff96fab0000 - 0x00007ff96fb1f000 	C:\WINDOWS\System32\WS2_32.dll
0x00007ff96c630000 - 0x00007ff96c65d000 	C:\WINDOWS\SYSTEM32\winmmbase.dll
0x00007ff96e7d0000 - 0x00007ff96e81a000 	C:\WINDOWS\System32\cfgmgr32.dll
0x000000006e760000 - 0x000000006e76f000 	C:\Program Files\Java\jdk1.8.0_111\jre\bin\verify.dll
0x000000006cbb0000 - 0x000000006cbd9000 	C:\Program Files\Java\jdk1.8.0_111\jre\bin\java.dll
0x000000006cb90000 - 0x000000006cba6000 	C:\Program Files\Java\jdk1.8.0_111\jre\bin\zip.dll
0x00007ff96fc50000 - 0x00007ff970336000 	C:\WINDOWS\System32\SHELL32.dll
0x00007ff971040000 - 0x00007ff9710e9000 	C:\WINDOWS\System32\shcore.dll
0x00007ff96eb60000 - 0x00007ff96f2e0000 	C:\WINDOWS\System32\windows.storage.dll
0x00007ff96e7a0000 - 0x00007ff96e7c3000 	C:\WINDOWS\System32\profapi.dll
0x00007ff96e710000 - 0x00007ff96e75a000 	C:\WINDOWS\System32\powrprof.dll
0x00007ff96e700000 - 0x00007ff96e710000 	C:\WINDOWS\System32\UMPDC.dll
0x00007ff96f900000 - 0x00007ff96f952000 	C:\WINDOWS\System32\shlwapi.dll
0x00007ff96e780000 - 0x00007ff96e791000 	C:\WINDOWS\System32\kernel.appcore.dll
0x00007ff96f8d0000 - 0x00007ff96f8e7000 	C:\WINDOWS\System32\cryptsp.dll
0x00007ff96b1c0000 - 0x00007ff96b1ca000 	C:\apache-maven-3.6.3\lib\jansi-native\windows64\jansi.dll
0x000000006cb70000 - 0x000000006cb8a000 	C:\Program Files\Java\jdk1.8.0_111\jre\bin\net.dll
0x00007ff96df70000 - 0x00007ff96dfd7000 	C:\WINDOWS\system32\mswsock.dll
0x000000006cb50000 - 0x000000006cb61000 	C:\Program Files\Java\jdk1.8.0_111\jre\bin\nio.dll
0x000000006c9b0000 - 0x000000006cb48000 	C:\Program Files\Java\jdk1.8.0_111\jre\bin\awt.dll
0x00007ff971470000 - 0x00007ff971535000 	C:\WINDOWS\System32\OLEAUT32.dll
0x00007ff96c8d0000 - 0x00007ff96c95f000 	C:\WINDOWS\SYSTEM32\apphelp.dll

VM Arguments:
jvm_args: -Dclassworlds.conf=C:\apache-maven-3.6.3\bin\..\bin\m2.conf -Dmaven.home=C:\apache-maven-3.6.3\bin\.. -Dlibrary.jansi.path=C:\apache-maven-3.6.3\bin\..\lib\jansi-native -Dmaven.multiModuleProjectDirectory=D:\Mi Escritorio\web\habilitacion\habilitacionweb 
java_command: org.codehaus.plexus.classworlds.launcher.Launcher -Dmaven.ext.class.path=C:\Program Files\NetBeans 8.2\java\maven-nblib\netbeans-eventspy.jar -Dfile.encoding=UTF-8 clean install
java_class_path (initial): C:\apache-maven-3.6.3\bin\..\boot\plexus-classworlds-2.6.0.jar
Launcher Type: SUN_STANDARD

Environment Variables:
JAVA_HOME=C:\Program Files\Java\jdk1.8.0_111
PATH=C:\Program Files (x86)\Common Files\Oracle\Java\javapath;C:\ProgramData\Oracle\Java\javapath;C:\WINDOWS\system32;C:\WINDOWS;C:\WINDOWS\System32\Wbem;C:\WINDOWS\System32\WindowsPowerShell\v1.0\;C:\ProgramData\chocolatey\bin;C:\WINDOWS\System32\OpenSSH\;C:\Program Files\nodejs\;C:\Program Files\Microsoft SQL Server\130\Tools\Binn\;C:\Program Files\Microsoft SQL Server\Client SDK\ODBC\170\Tools\Binn\;C:\Program Files\Git\cmd;C:\flutter\bin;C:\Program Files\dotnet\;C:\Program Files (x86)\Microsoft SQL Server\150\Tools\Binn\;C:\Program Files\Microsoft SQL Server\150\Tools\Binn\;C:\Program Files\Microsoft SQL Server\150\DTS\Binn\;C:\Program Files (x86)\Microsoft SQL Server\150\DTS\Binn\;C:\apache-maven-3.6.3;D:\Google Cloud Sdk\google-cloud-sdk\bin;D:\swipl\bin;D:\swipl\lib\;D:\putty\;C:\Users\Pc-Victor\AppData\Local\Programs\Python\Python38-32\Scripts\;C:\Users\Pc-Victor\AppData\Local\Programs\Python\Python38-32\;C:\Users\Pc-Victor\AppData\Local\Programs\Microsoft VS Code\bin;C:\Users\Pc-Victor\AppData\Local\Microsoft\WindowsApps;C:\Users\Pc-Victor\AppData\Roaming\npm;C:\src\flutter\bin;C:\apache-maven-3.6.3\bin;;D:\PyCharm\PyCharm 2020.1.1\bin;
USERNAME=Pc-Victor
OS=Windows_NT
PROCESSOR_IDENTIFIER=Intel64 Family 6 Model 69 Stepping 1, GenuineIntel



---------------  S Y S T E M  ---------------

OS: Windows 10.0 , 64 bit Build 18362 (10.0.18362.900)

CPU:total 4 (2 cores per cpu, 2 threads per core) family 6 model 69 stepping 1, cmov, cx8, fxsr, mmx, sse, sse2, sse3, ssse3, sse4.1, sse4.2, popcnt, avx, avx2, aes, clmul, erms, lzcnt, ht, tsc, tscinvbit, bmi1, bmi2

Memory: 4k page, physical 8282476k(801296k free), swap 23522456k(5172k free)

vm_info: Java HotSpot(TM) 64-Bit Server VM (25.111-b14) for windows-amd64 JRE (1.8.0_111-b14), built on Sep 22 2016 19:24:05 by "java_re" with MS VC++ 10.0 (VS2010)

time: Tue Jul 07 13:07:27 2020
elapsed time: 11 seconds (0d 0h 0m 11s)

